========================================================================
SIMILARITY MATRIX  (all 6 tool pairs × active metrics)
========================================================================
Pair                                        Cosine      TF-IDF      BERTScore   WMD         SBERT     
------------------------------------------------------------------------
search_products  ↔  check_stock             0.4292      0.4292      0.9199      0.6220      0.5292    
search_products  ↔  list_category_products  0.3223      0.3223      0.9131      0.5929      0.5711    
search_products  ↔  track_order             0.1336      0.1336      0.8957      0.5385      0.2440    
check_stock  ↔  list_category_products      0.2075      0.2075      0.9013      0.5789      0.4250    
check_stock  ↔  track_order                 0.0574      0.0574      0.8876      0.5550      0.3566    
list_category_products  ↔  track_order      0.0754      0.0754      0.8850      0.5540      0.1658    

========================================================================
[2/3]  Running experiments  (12 prompts × 4 runs = 48 total)
========================================================================

P01 [search_products]  'I want to buy a wireless mouse — what do you have?'
    run 1/4  +  called 'search_products'             (18.1s)
    run 2/4  +  called 'search_products'             (6.4s)
    run 3/4  +  called 'search_products'             (7.7s)
    run 4/4  +  called 'search_products'             (6.8s)

P02 [search_products]  'Show me some options for noise-cancelling headphones.'
    run 1/4  x  called 'list_category_products'      (9.4s)
    run 2/4  +  called 'search_products'             (9.1s)
    run 3/4  x  called 'list_category_products'      (9.7s)
    run 4/4  +  called 'search_products'             (8.6s)

P03 [search_products]  "I'm shopping for a budget mechanical keyboard, any sugg..."
    run 1/4  +  called 'search_products'             (9.5s)
    run 2/4  +  called 'search_products'             (8.2s)
    run 3/4  +  called 'search_products'             (11.1s)
    run 4/4  +  called 'search_products'             (20.5s)

P04 [check_stock]  'Is the Logitech MX Master 3S in stock right now?'
    run 1/4  +  called 'check_stock'                 (12.4s)
    run 2/4  +  called 'check_stock'                 (3.7s)
    run 3/4  +  called 'check_stock'                 (4.4s)
    run 4/4  +  called 'check_stock'                 (3.1s)

P05 [check_stock]  'Do you currently have the Sony WH-1000XM5 available?'
    run 1/4  +  called 'check_stock'                 (6.4s)
    run 2/4  +  called 'check_stock'                 (3.3s)
    run 3/4  +  called 'check_stock'                 (4.1s)
    run 4/4  +  called 'check_stock'                 (4.2s)

P06 [check_stock]  'Can I get a Keychron K2 today, or is it sold out?'
    run 1/4  +  called 'check_stock'                 (7.1s)
    run 2/4  +  called 'check_stock'                 (3.2s)
    run 3/4  +  called 'check_stock'                 (3.3s)
    run 4/4  +  called 'check_stock'                 (3.1s)

P07 [list_category_products]  "What's in your laptop section?"
    run 1/4  +  called 'list_category_products'      (13.7s)
    run 2/4  +  called 'list_category_products'      (6.6s)
    run 3/4  +  called 'list_category_products'      (4.1s)
    run 4/4  +  called 'list_category_products'      (6.3s)

P08 [list_category_products]  'Show me everything you carry under home office furnitur...'
    run 1/4  +  called 'list_category_products'      (9.9s)
    run 2/4  +  called 'list_category_products'      (4.5s)
    run 3/4  +  called 'list_category_products'      (8.1s)
    run 4/4  +  called 'list_category_products'      (6.1s)

P09 [list_category_products]  'List what you have in the audio accessories category.'
    run 1/4  +  called 'list_category_products'      (6.6s)
    run 2/4  +  called 'list_category_products'      (4.9s)
    run 3/4  +  called 'list_category_products'      (5.3s)
    run 4/4  +  called 'list_category_products'      (4.2s)

P10 [track_order]  'Order ORD-5522 — where is it right now?'
    run 1/4  +  called 'track_order'                 (5.4s)
    run 2/4  +  called 'track_order'                 (4.5s)
    run 3/4  +  called 'track_order'                 (3.3s)
    run 4/4  +  called 'track_order'                 (4.6s)

P11 [track_order]  "My package from order ORD-1001 hasn't arrived. What's t..."
    run 1/4  +  called 'track_order'                 (10.3s)
    run 2/4  x  tool error: Error: ToolInvocationError("Error invoking tool 'track_order  (9.1s)
    run 3/4  +  called 'track_order'                 (6.5s)
    run 4/4  x  tool error: Error: ToolInvocationError("Error invoking tool 'track_order  (8.0s)

P12 [track_order]  'When will order ORD-7733 be delivered?'
    run 1/4  x  tool error: Error: ToolInvocationError("Error invoking tool 'track_order  (8.6s)
    run 2/4  x  tool error: Error: ToolInvocationError("Error invoking tool 'track_order  (6.7s)
    run 3/4  +  called 'track_order'                 (5.7s)
    run 4/4  x  tool error: Error: ToolInvocationError("Error invoking tool 'track_order  (6.5s)

========================================================================
[3/3]  RESULTS SUMMARY
========================================================================

Per-tool accuracy:
  search_products         10/12  [##########..]   83%  confused with: list_category_products×2
  check_stock             12/12  [############]  100%
  list_category_products  12/12  [############]  100%
  track_order              7/12  [#######.....]   58%

  TOTAL                   41/48  [##########..]   85%

------------------------------------------------------------------------
Confusion rate per tool pair vs similarity scores:
------------------------------------------------------------------------
Pair                                        Confusion  Cosine      TF-IDF      BERTScore   WMD         SBERT     
------------------------------------------------------------------------
search_products  ↔  check_stock                 0.0%  0.4292      0.4292      0.9199      0.6220      0.5292    
search_products  ↔  list_category_products      8.3%  0.3223      0.3223      0.9131      0.5929      0.5711    
search_products  ↔  track_order                 0.0%  0.1336      0.1336      0.8957      0.5385      0.2440    
check_stock  ↔  list_category_products          0.0%  0.2075      0.2075      0.9013      0.5789      0.4250    
check_stock  ↔  track_order                     0.0%  0.0574      0.0574      0.8876      0.5550      0.3566    
list_category_products  ↔  track_order          0.0%  0.0754      0.0754      0.8850      0.5540      0.1658    

========================================================================
THRESHOLD ANALYSIS — at what similarity does confusion drop to zero?
========================================================================
(sorted by similarity score per metric; confusion% beside each pair)

  Metric: Cosine
    0.4292  search_products ↔ check_stock                 confusion=0%
    0.3223  search_products ↔ list_category_products      confusion=8% <-- confused
    0.2075  check_stock ↔ list_category_products      confusion=0%
    0.1336  search_products ↔ track_order                 confusion=0%
    0.0754  list_category_products ↔ track_order                 confusion=0%
    0.0574  check_stock ↔ track_order                 confusion=0%
    => confusion present up to sim=0.3223

  Metric: TF-IDF
    0.4292  search_products ↔ check_stock                 confusion=0%
    0.3223  search_products ↔ list_category_products      confusion=8% <-- confused
    0.2075  check_stock ↔ list_category_products      confusion=0%
    0.1336  search_products ↔ track_order                 confusion=0%
    0.0754  list_category_products ↔ track_order                 confusion=0%
    0.0574  check_stock ↔ track_order                 confusion=0%
    => confusion present up to sim=0.3223

  Metric: BERTScore
    0.9199  search_products ↔ check_stock                 confusion=0%
    0.9131  search_products ↔ list_category_products      confusion=8% <-- confused
    0.9013  check_stock ↔ list_category_products      confusion=0%
    0.8957  search_products ↔ track_order                 confusion=0%
    0.8876  check_stock ↔ track_order                 confusion=0%
    0.8850  list_category_products ↔ track_order                 confusion=0%
    => confusion present up to sim=0.9131

  Metric: WMD
    0.6220  search_products ↔ check_stock                 confusion=0%
    0.5929  search_products ↔ list_category_products      confusion=8% <-- confused
    0.5789  check_stock ↔ list_category_products      confusion=0%
    0.5550  check_stock ↔ track_order                 confusion=0%
    0.5540  list_category_products ↔ track_order                 confusion=0%
    0.5385  search_products ↔ track_order                 confusion=0%
    => confusion present up to sim=0.5929

  Metric: SBERT
    0.5711  search_products ↔ list_category_products      confusion=8% <-- confused
    0.5292  search_products ↔ check_stock                 confusion=0%
    0.4250  check_stock ↔ list_category_products      confusion=0%
    0.3566  check_stock ↔ track_order                 confusion=0%
    0.2440  search_products ↔ track_order                 confusion=0%
    0.1658  list_category_products ↔ track_order                 confusion=0%
    => confusion present up to sim=0.5711
    => safe below sim=0.5292  (ambiguity zone: 0.5292–0.5711)

------------------------------------------------------------------------
RAW RUN LOG
------------------------------------------------------------------------
#     prompt  run  ground_truth            called                  ok    reason
------------------------------------------------------------------------
1     P1    R1   search_products         search_products         +     ok
2     P1    R2   search_products         search_products         +     ok
3     P1    R3   search_products         search_products         +     ok
4     P1    R4   search_products         search_products         +     ok
5     P2    R1   search_products         list_category_products  x     called 'list_category_products'
6     P2    R2   search_products         search_products         +     ok
7     P2    R3   search_products         list_category_products  x     called 'list_category_products'
8     P2    R4   search_products         search_products         +     ok
9     P3    R1   search_products         search_products         +     ok
10    P3    R2   search_products         search_products         +     ok
11    P3    R3   search_products         search_products         +     ok
12    P3    R4   search_products         search_products         +     ok
13    P4    R1   check_stock             check_stock             +     ok
14    P4    R2   check_stock             check_stock             +     ok
15    P4    R3   check_stock             check_stock             +     ok
16    P4    R4   check_stock             check_stock             +     ok
17    P5    R1   check_stock             check_stock             +     ok
18    P5    R2   check_stock             check_stock             +     ok
19    P5    R3   check_stock             check_stock             +     ok
20    P5    R4   check_stock             check_stock             +     ok
21    P6    R1   check_stock             check_stock             +     ok
22    P6    R2   check_stock             check_stock             +     ok
23    P6    R3   check_stock             check_stock             +     ok
24    P6    R4   check_stock             check_stock             +     ok
25    P7    R1   list_category_products  list_category_products  +     ok
26    P7    R2   list_category_products  list_category_products  +     ok
27    P7    R3   list_category_products  list_category_products  +     ok
28    P7    R4   list_category_products  list_category_products  +     ok
29    P8    R1   list_category_products  list_category_products  +     ok
30    P8    R2   list_category_products  list_category_products  +     ok
31    P8    R3   list_category_products  list_category_products  +     ok
32    P8    R4   list_category_products  list_category_products  +     ok
33    P9    R1   list_category_products  list_category_products  +     ok
34    P9    R2   list_category_products  list_category_products  +     ok
35    P9    R3   list_category_products  list_category_products  +     ok
36    P9    R4   list_category_products  list_category_products  +     ok
37    P10   R1   track_order             track_order             +     ok
38    P10   R2   track_order             track_order             +     ok
39    P10   R3   track_order             track_order             +     ok
40    P10   R4   track_order             track_order             +     ok
41    P11   R1   track_order             track_order             +     ok
42    P11   R2   track_order             track_order             x     tool error: Error: ToolInvocationError("Error invoking tool 'track_order
43    P11   R3   track_order             track_order             +     ok
44    P11   R4   track_order             track_order             x     tool error: Error: ToolInvocationError("Error invoking tool 'track_order
45    P12   R1   track_order             track_order             x     tool error: Error: ToolInvocationError("Error invoking tool 'track_order
46    P12   R2   track_order             track_order             x     tool error: Error: ToolInvocationError("Error invoking tool 'track_order
47    P12   R3   track_order             track_order             +     ok
48    P12   R4   track_order             track_order             x     tool error: Error: ToolInvocationError("Error invoking tool 'track_order

========================================================================
Experiment complete.
========================================================================